mode: set
github.com/sarabrajsingh/interview-accountapi/src/accounts/api.go:24.38,26.2 1 1
github.com/sarabrajsingh/interview-accountapi/src/accounts/api.go:29.45,32.16 2 0
github.com/sarabrajsingh/interview-accountapi/src/accounts/api.go:36.2,40.4 1 0
github.com/sarabrajsingh/interview-accountapi/src/accounts/api.go:32.16,34.3 1 0
github.com/sarabrajsingh/interview-accountapi/src/accounts/api.go:46.73,48.16 2 0
github.com/sarabrajsingh/interview-accountapi/src/accounts/api.go:51.2,55.4 1 0
github.com/sarabrajsingh/interview-accountapi/src/accounts/api.go:48.16,50.3 1 0
github.com/sarabrajsingh/interview-accountapi/src/accounts/api.go:59.42,64.2 1 0
github.com/sarabrajsingh/interview-accountapi/src/accounts/api.go:66.70,71.2 1 0
github.com/sarabrajsingh/interview-accountapi/src/accounts/api.go:74.56,82.2 1 0
github.com/sarabrajsingh/interview-accountapi/src/accounts/api.go:85.84,93.2 1 0
github.com/sarabrajsingh/interview-accountapi/src/client/client.go:30.33,45.2 1 1
github.com/sarabrajsingh/interview-accountapi/src/client/client.go:79.30,81.2 1 1
github.com/sarabrajsingh/interview-accountapi/src/client/client.go:83.42,85.2 1 1
github.com/sarabrajsingh/interview-accountapi/src/client/client.go:88.48,90.2 1 1
github.com/sarabrajsingh/interview-accountapi/src/client/client.go:93.60,95.2 1 1
github.com/sarabrajsingh/interview-accountapi/src/client/client.go:98.74,101.32 3 1
github.com/sarabrajsingh/interview-accountapi/src/client/client.go:104.2,104.38 1 1
github.com/sarabrajsingh/interview-accountapi/src/client/client.go:101.32,103.3 1 1
github.com/sarabrajsingh/interview-accountapi/src/client/client.go:108.53,109.29 1 1
github.com/sarabrajsingh/interview-accountapi/src/client/client.go:114.2,116.16 2 1
github.com/sarabrajsingh/interview-accountapi/src/client/client.go:121.2,121.36 1 1
github.com/sarabrajsingh/interview-accountapi/src/client/client.go:126.2,128.29 2 1
github.com/sarabrajsingh/interview-accountapi/src/client/client.go:132.2,132.17 1 1
github.com/sarabrajsingh/interview-accountapi/src/client/client.go:109.29,111.3 1 1
github.com/sarabrajsingh/interview-accountapi/src/client/client.go:116.16,118.3 1 1
github.com/sarabrajsingh/interview-accountapi/src/client/client.go:121.36,123.3 1 1
github.com/sarabrajsingh/interview-accountapi/src/client/client.go:128.29,130.3 1 1
github.com/sarabrajsingh/interview-accountapi/src/client/client.go:137.71,139.2 1 1
github.com/sarabrajsingh/interview-accountapi/src/client/client.go:149.74,151.2 1 1
github.com/sarabrajsingh/interview-accountapi/src/client/client.go:154.57,157.16 2 1
github.com/sarabrajsingh/interview-accountapi/src/client/client.go:162.2,171.23 3 1
github.com/sarabrajsingh/interview-accountapi/src/client/client.go:157.16,159.3 1 1
github.com/sarabrajsingh/interview-accountapi/src/client/client.go:175.41,177.2 1 1
github.com/sarabrajsingh/interview-accountapi/src/client/client.go:180.69,182.2 1 1
github.com/sarabrajsingh/interview-accountapi/src/client/client.go:185.53,187.2 1 1
github.com/sarabrajsingh/interview-accountapi/src/client/client.go:190.81,192.16 2 1
github.com/sarabrajsingh/interview-accountapi/src/client/client.go:195.2,197.16 3 1
github.com/sarabrajsingh/interview-accountapi/src/client/client.go:200.2,200.30 1 1
github.com/sarabrajsingh/interview-accountapi/src/client/client.go:192.16,194.3 1 1
github.com/sarabrajsingh/interview-accountapi/src/client/client.go:197.16,199.3 1 1
